<?xml version="1.0" encoding="UTF-8"?>
<!-- Generated by org.testng.reporters.JUnitReportReporter -->
<testsuite hostname="LEVI-41" failures="0" tests="3" name="Testcases.LoginPageTest" time="20.149" errors="0" timestamp="2024-07-29T14:56:15 IST" skipped="0">
  <testcase classname="Testcases.LoginPageTest" name="Tc_001" time="14.720"/>
  <system-out/>
  <testcase classname="Testcases.LoginPageTest" name="Tc_002" time="2.882"/>
  <system-out/>
  <testcase classname="Testcases.LoginPageTest" name="Tc_003" time="2.547"/>
  <system-out/>
</testsuite> <!-- Testcases.LoginPageTest -->
