<?xml version="1.0" encoding="UTF-8"?>
<!-- Generated by org.testng.reporters.JUnitReportReporter -->
<testsuite hostname="LEVI-41" failures="0" tests="1" name="Testcases.HomePageTest" time="41.035" errors="0" timestamp="2024-07-29T14:55:22 IST" skipped="0">
  <testcase classname="Testcases.HomePageTest" name="Tc_001" time="41.035"/>
  <system-out/>
</testsuite> <!-- Testcases.HomePageTest -->
